<?xml version="1.0" encoding="UTF-8"?>
<testsuite xmlns:xsi="http://www.w3.org/2001/XMLSchema-instance" xsi:noNamespaceSchemaLocation="https://maven.apache.org/surefire/maven-surefire-plugin/xsd/surefire-test-report-3.0.xsd" version="3.0" name="shapesTest.SquareTest" time="0.0" tests="6" errors="0" skipped="0" failures="0">
  <properties>
    <property name="java.specification.version" value="21"/>
    <property name="sonar.login" value="5abfb085b0667510b80813b3b0afa4c6dba8c55e"/>
    <property name="sun.jnu.encoding" value="UTF-8"/>
    <property name="java.class.path" value="/Users/adiladomo/Desktop/Ecole/M1 MIAGE/patron_composant/persistence_projet/target/test-classes:/Users/adiladomo/Desktop/Ecole/M1 MIAGE/patron_composant/persistence_projet/target/classes:/Users/adiladomo/.m2/repository/junit/junit/4.13.1/junit-4.13.1.jar:/Users/adiladomo/.m2/repository/org/hamcrest/hamcrest-core/1.3/hamcrest-core-1.3.jar:/Users/adiladomo/.m2/repository/edu/uga/miage/m1/edu.uga.singleshape/1.0.0/edu.uga.singleshape-1.0.0.jar:/Users/adiladomo/.m2/repository/org/mockito/mockito-core/5.6.0/mockito-core-5.6.0.jar:/Users/adiladomo/.m2/repository/net/bytebuddy/byte-buddy/1.14.8/byte-buddy-1.14.8.jar:/Users/adiladomo/.m2/repository/net/bytebuddy/byte-buddy-agent/1.14.8/byte-buddy-agent-1.14.8.jar:/Users/adiladomo/.m2/repository/org/objenesis/objenesis/3.3/objenesis-3.3.jar:"/>
    <property name="java.vm.vendor" value="Homebrew"/>
    <property name="sun.arch.data.model" value="64"/>
    <property name="java.vendor.url" value="https://github.com/Homebrew/homebrew-core/issues"/>
    <property name="os.name" value="Mac OS X"/>
    <property name="java.vm.specification.version" value="21"/>
    <property name="sun.java.launcher" value="SUN_STANDARD"/>
    <property name="user.country" value="FR"/>
    <property name="sun.boot.library.path" value="/opt/homebrew/Cellar/openjdk/21/libexec/openjdk.jdk/Contents/Home/lib"/>
    <property name="sun.java.command" value="/Users/adiladomo/Desktop/Ecole/M1 MIAGE/patron_composant/persistence_projet/target/surefire/surefirebooter-20231119165650543_3.jar /Users/adiladomo/Desktop/Ecole/M1 MIAGE/patron_composant/persistence_projet/target/surefire 2023-11-19T16-56-50_486-jvmRun1 surefire-20231119165650543_1tmp surefire_0-20231119165650543_2tmp"/>
    <property name="http.nonProxyHosts" value="local|*.local|169.254/16|*.169.254/16"/>
    <property name="jdk.debug" value="release"/>
    <property name="surefire.test.class.path" value="/Users/adiladomo/Desktop/Ecole/M1 MIAGE/patron_composant/persistence_projet/target/test-classes:/Users/adiladomo/Desktop/Ecole/M1 MIAGE/patron_composant/persistence_projet/target/classes:/Users/adiladomo/.m2/repository/junit/junit/4.13.1/junit-4.13.1.jar:/Users/adiladomo/.m2/repository/org/hamcrest/hamcrest-core/1.3/hamcrest-core-1.3.jar:/Users/adiladomo/.m2/repository/edu/uga/miage/m1/edu.uga.singleshape/1.0.0/edu.uga.singleshape-1.0.0.jar:/Users/adiladomo/.m2/repository/org/mockito/mockito-core/5.6.0/mockito-core-5.6.0.jar:/Users/adiladomo/.m2/repository/net/bytebuddy/byte-buddy/1.14.8/byte-buddy-1.14.8.jar:/Users/adiladomo/.m2/repository/net/bytebuddy/byte-buddy-agent/1.14.8/byte-buddy-agent-1.14.8.jar:/Users/adiladomo/.m2/repository/org/objenesis/objenesis/3.3/objenesis-3.3.jar:"/>
    <property name="sun.cpu.endian" value="little"/>
    <property name="user.home" value="/Users/adiladomo"/>
    <property name="user.language" value="fr"/>
    <property name="java.specification.vendor" value="Oracle Corporation"/>
    <property name="java.version.date" value="2023-09-19"/>
    <property name="java.home" value="/opt/homebrew/Cellar/openjdk/21/libexec/openjdk.jdk/Contents/Home"/>
    <property name="file.separator" value="/"/>
    <property name="basedir" value="/Users/adiladomo/Desktop/Ecole/M1 MIAGE/patron_composant/persistence_projet"/>
    <property name="java.vm.compressedOopsMode" value="Zero based"/>
    <property name="line.separator" value="&#10;"/>
    <property name="java.vm.specification.vendor" value="Oracle Corporation"/>
    <property name="java.specification.name" value="Java Platform API Specification"/>
    <property name="apple.awt.application.name" value="ForkedBooter"/>
    <property name="surefire.real.class.path" value="/Users/adiladomo/Desktop/Ecole/M1 MIAGE/patron_composant/persistence_projet/target/surefire/surefirebooter-20231119165650543_3.jar"/>
    <property name="sun.management.compiler" value="HotSpot 64-Bit Tiered Compilers"/>
    <property name="ftp.nonProxyHosts" value="local|*.local|169.254/16|*.169.254/16"/>
    <property name="java.runtime.version" value="21"/>
    <property name="user.name" value="adiladomo"/>
    <property name="stdout.encoding" value="UTF-8"/>
    <property name="path.separator" value=":"/>
    <property name="os.version" value="12.5"/>
    <property name="java.runtime.name" value="OpenJDK Runtime Environment"/>
    <property name="file.encoding" value="UTF-8"/>
    <property name="java.vm.name" value="OpenJDK 64-Bit Server VM"/>
    <property name="java.vendor.version" value="Homebrew"/>
    <property name="localRepository" value="/Users/adiladomo/.m2/repository"/>
    <property name="java.vendor.url.bug" value="https://github.com/Homebrew/homebrew-core/issues"/>
    <property name="java.io.tmpdir" value="/var/folders/79/y8ygkqwd7n7401fq8gg4yqbr0000gn/T/"/>
    <property name="java.version" value="21"/>
    <property name="user.dir" value="/Users/adiladomo/Desktop/Ecole/M1 MIAGE/patron_composant/persistence_projet"/>
    <property name="os.arch" value="aarch64"/>
    <property name="java.vm.specification.name" value="Java Virtual Machine Specification"/>
    <property name="native.encoding" value="UTF-8"/>
    <property name="java.library.path" value="/Users/adiladomo/Library/Java/Extensions:/Library/Java/Extensions:/Network/Library/Java/Extensions:/System/Library/Java/Extensions:/usr/lib/java:."/>
    <property name="java.vm.info" value="mixed mode, sharing"/>
    <property name="stderr.encoding" value="UTF-8"/>
    <property name="java.vendor" value="Homebrew"/>
    <property name="java.vm.version" value="21"/>
    <property name="sun.io.unicode.encoding" value="UnicodeBig"/>
    <property name="socksNonProxyHosts" value="local|*.local|169.254/16|*.169.254/16"/>
    <property name="java.class.version" value="65.0"/>
  </properties>
  <testcase name="testSetmX" classname="shapesTest.SquareTest" time="0.0"/>
  <testcase name="testSetmY" classname="shapesTest.SquareTest" time="0.0"/>
  <testcase name="testGetX" classname="shapesTest.SquareTest" time="0.0"/>
  <testcase name="testGetY" classname="shapesTest.SquareTest" time="0.0"/>
  <testcase name="testMove" classname="shapesTest.SquareTest" time="0.0"/>
  <testcase name="testGetType" classname="shapesTest.SquareTest" time="0.0"/>
</testsuite>